app/build/intermediates/manifest_merge_blame_file/release/manifest-merger-blame-release-report.txt
1<?xml version="1.0" encoding="utf-8"?>
2<manifest xmlns:android="http://schemas.android.com/apk/res/android"
3    package="infinitedreams.shanjinur.sipo"
4    android:versionCode="1"
5    android:versionName="1.0" >
6
7    <uses-sdk
8        android:minSdkVersion="17"
8-->src\main\AndroidManifest.xml
9        android:targetSdkVersion="28" />
9-->src\main\AndroidManifest.xml
10
11    <uses-permission android:name="android.permission.BLUETOOTH_ADMIN" />
11-->src\main\AndroidManifest.xml:5:5-74
11-->src\main\AndroidManifest.xml:5:22-71
12    <uses-permission android:name="android.permission.BLUETOOTH" />
12-->src\main\AndroidManifest.xml:6:5-68
12-->src\main\AndroidManifest.xml:6:22-65
13
14    <application
14-->src\main\AndroidManifest.xml:8:5-38:19
15        android:allowBackup="true"
15-->src\main\AndroidManifest.xml:9:9-35
16        android:icon="@mipmap/ic_launcher"
16-->src\main\AndroidManifest.xml:10:9-43
17        android:label="@string/app_name"
17-->src\main\AndroidManifest.xml:11:9-41
18        android:roundIcon="@mipmap/ic_launcher_round"
18-->src\main\AndroidManifest.xml:12:9-54
19        android:supportsRtl="true"
19-->src\main\AndroidManifest.xml:13:9-35
20        android:theme="@style/AppTheme" >
20-->src\main\AndroidManifest.xml:14:9-40
21        <activity android:name="infinitedreams.shanjinur.sipo.Welcome" >
21-->src\main\AndroidManifest.xml:15:9-21:20
21-->src\main\AndroidManifest.xml:15:19-42
22            <intent-filter>
22-->src\main\AndroidManifest.xml:16:13-20:29
23                <action android:name="android.intent.action.MAIN" />
23-->src\main\AndroidManifest.xml:17:17-69
23-->src\main\AndroidManifest.xml:17:25-66
24
25                <category android:name="android.intent.category.LAUNCHER" />
25-->src\main\AndroidManifest.xml:19:17-77
25-->src\main\AndroidManifest.xml:19:27-74
26            </intent-filter>
27        </activity>
28        <activity
28-->src\main\AndroidManifest.xml:23:9-26:20
29            android:name="infinitedreams.shanjinur.sipo.InstructionClass"
29-->src\main\AndroidManifest.xml:23:19-51
30            android:theme="@style/AppTheme" >
30-->src\main\AndroidManifest.xml:24:13-44
31        </activity>
32        <activity
32-->src\main\AndroidManifest.xml:28:9-31:20
33            android:name="infinitedreams.shanjinur.sipo.devicelist"
33-->src\main\AndroidManifest.xml:28:19-45
34            android:theme="@style/AppTheme" >
34-->src\main\AndroidManifest.xml:29:13-44
35        </activity>
36        <activity
36-->src\main\AndroidManifest.xml:33:9-37:20
37            android:name="infinitedreams.shanjinur.sipo.sensordata"
37-->src\main\AndroidManifest.xml:33:19-45
38            android:label="Measurements"
38-->src\main\AndroidManifest.xml:35:13-41
39            android:theme="@style/AppTheme" >
39-->src\main\AndroidManifest.xml:34:13-44
40        </activity>
41    </application>
42
43</manifest>